Copyright 1986-2022 Xilinx, Inc. All Rights Reserved. Copyright 2022-2024 Advanced Micro Devices, Inc. All Rights Reserved.
-------------------------------------------------------------------------------------------------------------------------------------------------
| Tool Version     : Vivado v.2024.2 (win64) Build 5239630 Fri Nov 08 22:35:27 MST 2024
| Date             : Tue Mar 24 21:40:57 2026
| Host             : DESKTOP-EK3KMT5 running 64-bit major release  (build 9200)
| Command          : report_power -file C:/Users/ADMIN/Desktop/vivado_reports/power.rpt
| Design           : system_top
| Device           : xc7z020clg484-1
| Design State     : routed
| Grade            : commercial
| Process          : typical
| Characterization : Production
-------------------------------------------------------------------------------------------------------------------------------------------------

Power Report

Table of Contents
-----------------
1. Summary
1.1 On-Chip Components
1.2 Power Supply Summary
1.3 Confidence Level
2. Settings
2.1 Environment
2.2 Clock Constraints
3. Detailed Reports
3.1 By Hierarchy

1. Summary
----------

+--------------------------+--------------+
| Total On-Chip Power (W)  | 0.420        |
| Design Power Budget (W)  | Unspecified* |
| Power Budget Margin (W)  | NA           |
| Dynamic (W)              | 0.310        |
| Device Static (W)        | 0.110        |
| Effective TJA (C/W)      | 11.5         |
| Max Ambient (C)          | 80.2         |
| Junction Temperature (C) | 29.8         |
| Confidence Level         | Medium       |
| Setting File             | ---          |
| Simulation Activity File | ---          |
| Design Nets Matched      | NA           |
+--------------------------+--------------+
* Specify Design Power Budget using, set_operating_conditions -design_power_budget <value in Watts>


1.1 On-Chip Components
----------------------

+----------------+-----------+----------+-----------+-----------------+
| On-Chip        | Power (W) | Used     | Available | Utilization (%) |
+----------------+-----------+----------+-----------+-----------------+
| Clocks         |     0.036 |        5 |       --- |             --- |
| Slice Logic    |     0.082 |    45556 |       --- |             --- |
|   LUT as Logic |     0.077 |    20465 |     53200 |           38.47 |
|   CARRY4       |     0.003 |     1709 |     13300 |           12.85 |
|   Register     |     0.001 |    19317 |    106400 |           18.16 |
|   F7/F8 Muxes  |    <0.001 |     1141 |     53200 |            2.14 |
|   Others       |     0.000 |       55 |       --- |             --- |
| Signals        |     0.082 |    32654 |       --- |             --- |
| MMCM           |     0.107 |        1 |         4 |           25.00 |
| I/O            |     0.004 |        9 |       200 |            4.50 |
| Static Power   |     0.110 |          |           |                 |
| Total          |     0.420 |          |           |                 |
+----------------+-----------+----------+-----------+-----------------+


1.2 Power Supply Summary
------------------------

+-----------+-------------+-----------+-------------+------------+-------------+-------------+------------+
| Source    | Voltage (V) | Total (A) | Dynamic (A) | Static (A) | Powerup (A) | Budget (A)  | Margin (A) |
+-----------+-------------+-----------+-------------+------------+-------------+-------------+------------+
| Vccint    |       1.000 |     0.209 |       0.200 |      0.008 |       NA    | Unspecified | NA         |
| Vccaux    |       1.800 |     0.071 |       0.060 |      0.011 |       NA    | Unspecified | NA         |
| Vcco33    |       3.300 |     0.000 |       0.000 |      0.000 |       NA    | Unspecified | NA         |
| Vcco25    |       2.500 |     0.001 |       0.000 |      0.001 |       NA    | Unspecified | NA         |
| Vcco18    |       1.800 |     0.000 |       0.000 |      0.000 |       NA    | Unspecified | NA         |
| Vcco15    |       1.500 |     0.000 |       0.000 |      0.000 |       NA    | Unspecified | NA         |
| Vcco135   |       1.350 |     0.000 |       0.000 |      0.000 |       NA    | Unspecified | NA         |
| Vcco12    |       1.200 |     0.000 |       0.000 |      0.000 |       NA    | Unspecified | NA         |
| Vccaux_io |       1.800 |     0.000 |       0.000 |      0.000 |       NA    | Unspecified | NA         |
| Vccbram   |       1.000 |     0.001 |       0.000 |      0.001 |       NA    | Unspecified | NA         |
| MGTAVcc   |       1.000 |     0.000 |       0.000 |      0.000 |       NA    | Unspecified | NA         |
| MGTAVtt   |       1.200 |     0.000 |       0.000 |      0.000 |       NA    | Unspecified | NA         |
| MGTVccaux |       1.800 |     0.000 |       0.000 |      0.000 |       NA    | Unspecified | NA         |
| Vccpint   |       1.000 |     0.018 |       0.000 |      0.018 |       NA    | Unspecified | NA         |
| Vccpaux   |       1.800 |     0.010 |       0.000 |      0.010 |       NA    | Unspecified | NA         |
| Vccpll    |       1.800 |     0.003 |       0.000 |      0.003 |       NA    | Unspecified | NA         |
| Vcco_ddr  |       1.500 |     0.000 |       0.000 |      0.000 |       NA    | Unspecified | NA         |
| Vcco_mio0 |       1.800 |     0.000 |       0.000 |      0.000 |       NA    | Unspecified | NA         |
| Vcco_mio1 |       1.800 |     0.000 |       0.000 |      0.000 |       NA    | Unspecified | NA         |
| Vccadc    |       1.800 |     0.020 |       0.000 |      0.020 |       NA    | Unspecified | NA         |
+-----------+-------------+-----------+-------------+------------+-------------+-------------+------------+


1.3 Confidence Level
--------------------

+-----------------------------+------------+-------------------------------------------------------+------------------------------------------------------------------------------------------------------------+
| User Input Data             | Confidence | Details                                               | Action                                                                                                     |
+-----------------------------+------------+-------------------------------------------------------+------------------------------------------------------------------------------------------------------------+
| Design implementation state | High       | Design is routed                                      |                                                                                                            |
| Clock nodes activity        | High       | User specified more than 95% of clocks                |                                                                                                            |
| I/O nodes activity          | Medium     | More than 5% of inputs are missing user specification | Provide missing input activity with simulation results or by editing the "By Resource Type -> I/Os" view   |
| Internal nodes activity     | Medium     | User specified less than 25% of internal nodes        | Provide missing internal nodes activity with simulation results or by editing the "By Resource Type" views |
| Device models               | High       | Device models are Production                          |                                                                                                            |
|                             |            |                                                       |                                                                                                            |
| Overall confidence level    | Medium     |                                                       |                                                                                                            |
+-----------------------------+------------+-------------------------------------------------------+------------------------------------------------------------------------------------------------------------+


2. Settings
-----------

2.1 Environment
---------------

+-----------------------+------------------------+
| Ambient Temp (C)      | 25.0                   |
| ThetaJA (C/W)         | 11.5                   |
| Airflow (LFM)         | 250                    |
| Heat Sink             | none                   |
| ThetaSA (C/W)         | 0.0                    |
| Board Selection       | medium (10"x10")       |
| # of Board Layers     | 8to11 (8 to 11 Layers) |
| Board Temperature (C) | 25.0                   |
+-----------------------+------------------------+


2.2 Clock Constraints
---------------------

+-------------+-----------+-----------------+
| Clock       | Domain    | Constraint (ns) |
+-------------+-----------+-----------------+
| clk_100     | clk_100   |            10.0 |
| clk_fb      | clk_fb    |             5.0 |
| sys_clk_pin | sys_clk_p |             5.0 |
+-------------+-----------+-----------------+


3. Detailed Reports
-------------------

3.1 By Hierarchy
----------------

+-------------------------+-----------+
| Name                    | Power (W) |
+-------------------------+-----------+
| system_top              |     0.310 |
|   u_core                |     0.196 |
|     u_br_cA3            |     0.014 |
|     u_br_cD1            |     0.012 |
|     u_br_cD2            |     0.024 |
|     u_br_cD3            |     0.014 |
|     u_fc1               |     0.110 |
|       gen_pop[0].u_pop  |     0.004 |
|       gen_pop[10].u_pop |     0.004 |
|       gen_pop[11].u_pop |     0.004 |
|       gen_pop[12].u_pop |     0.004 |
|       gen_pop[13].u_pop |     0.004 |
|       gen_pop[14].u_pop |     0.004 |
|       gen_pop[15].u_pop |     0.004 |
|       gen_pop[1].u_pop  |     0.004 |
|       gen_pop[2].u_pop  |     0.004 |
|       gen_pop[3].u_pop  |     0.004 |
|       gen_pop[4].u_pop  |     0.005 |
|       gen_pop[5].u_pop  |     0.004 |
|       gen_pop[6].u_pop  |     0.004 |
|       gen_pop[7].u_pop  |     0.004 |
|       gen_pop[8].u_pop  |     0.004 |
|       gen_pop[9].u_pop  |     0.004 |
|     u_fc2               |     0.003 |
|     u_wavelet           |     0.009 |
+-------------------------+-----------+


