Copyright 1986-2022 Xilinx, Inc. All Rights Reserved. Copyright 2022-2024 Advanced Micro Devices, Inc. All Rights Reserved.
---------------------------------------------------------------------------------------------------------------------------------------------
| Tool Version : Vivado v.2024.2 (win64) Build 5239630 Fri Nov 08 22:35:27 MST 2024
| Date         : Tue Mar 24 21:40:49 2026
| Host         : DESKTOP-EK3KMT5 running 64-bit major release  (build 9200)
| Command      : report_utilization -hierarchical -file C:/Users/ADMIN/Desktop/vivado_reports/utilization_hierarchical.rpt
| Design       : system_top
| Device       : xc7z020clg484-1
| Speed File   : -1
| Design State : Routed
---------------------------------------------------------------------------------------------------------------------------------------------

Utilization Design Information

Table of Contents
-----------------
1. Utilization by Hierarchy

1. Utilization by Hierarchy
---------------------------

+-------------------------+----------------------------+------------+------------+---------+------+-------+--------+--------+------------+
|         Instance        |           Module           | Total LUTs | Logic LUTs | LUTRAMs | SRLs |  FFs  | RAMB36 | RAMB18 | DSP Blocks |
+-------------------------+----------------------------+------------+------------+---------+------+-------+--------+--------+------------+
| system_top              |                      (top) |      20465 |      20465 |       0 |    0 | 19317 |      0 |      0 |          0 |
|   (system_top)          |                      (top) |         40 |         40 |       0 |    0 |   117 |      0 |      0 |          0 |
|   u_core                |               wavebnn_core |      20338 |      20338 |       0 |    0 | 19147 |      0 |      0 |          0 |
|     (u_core)            |               wavebnn_core |       4225 |       4225 |       0 |    0 |    44 |      0 |      0 |          0 |
|     u_br_cA3            |                 bnn_branch |       1635 |       1635 |       0 |    0 |  1634 |      0 |      0 |          0 |
|     u_br_cD1            | bnn_branch__parameterized2 |       1805 |       1805 |       0 |    0 |  3154 |      0 |      0 |          0 |
|     u_br_cD2            | bnn_branch__parameterized1 |       2203 |       2203 |       0 |    0 |  2907 |      0 |      0 |          0 |
|     u_br_cD3            | bnn_branch__parameterized0 |       1769 |       1769 |       0 |    0 |  1654 |      0 |      0 |          0 |
|     u_fc1               |                    bin_fc1 |       4748 |       4748 |       0 |    0 |  4582 |      0 |      0 |          0 |
|       (u_fc1)           |                    bin_fc1 |       3196 |       3196 |       0 |    0 |  4582 |      0 |      0 |          0 |
|       gen_pop[0].u_pop  |                   popcount |        119 |        119 |       0 |    0 |     0 |      0 |      0 |          0 |
|       gen_pop[10].u_pop |                 popcount_0 |        119 |        119 |       0 |    0 |     0 |      0 |      0 |          0 |
|       gen_pop[11].u_pop |                 popcount_1 |        119 |        119 |       0 |    0 |     0 |      0 |      0 |          0 |
|       gen_pop[12].u_pop |                 popcount_2 |        119 |        119 |       0 |    0 |     0 |      0 |      0 |          0 |
|       gen_pop[13].u_pop |                 popcount_3 |        119 |        119 |       0 |    0 |     0 |      0 |      0 |          0 |
|       gen_pop[14].u_pop |                 popcount_4 |        119 |        119 |       0 |    0 |     0 |      0 |      0 |          0 |
|       gen_pop[15].u_pop |                 popcount_5 |        119 |        119 |       0 |    0 |     0 |      0 |      0 |          0 |
|       gen_pop[1].u_pop  |                 popcount_6 |        119 |        119 |       0 |    0 |     0 |      0 |      0 |          0 |
|       gen_pop[2].u_pop  |                 popcount_7 |        119 |        119 |       0 |    0 |     0 |      0 |      0 |          0 |
|       gen_pop[3].u_pop  |                 popcount_8 |        119 |        119 |       0 |    0 |     0 |      0 |      0 |          0 |
|       gen_pop[4].u_pop  |                 popcount_9 |        119 |        119 |       0 |    0 |     0 |      0 |      0 |          0 |
|       gen_pop[5].u_pop  |                popcount_10 |        119 |        119 |       0 |    0 |     0 |      0 |      0 |          0 |
|       gen_pop[6].u_pop  |                popcount_11 |        119 |        119 |       0 |    0 |     0 |      0 |      0 |          0 |
|       gen_pop[7].u_pop  |                popcount_12 |        119 |        119 |       0 |    0 |     0 |      0 |      0 |          0 |
|       gen_pop[8].u_pop  |                popcount_13 |        119 |        119 |       0 |    0 |     0 |      0 |      0 |          0 |
|       gen_pop[9].u_pop  |                popcount_14 |        119 |        119 |       0 |    0 |     0 |      0 |      0 |          0 |
|     u_fc2               |                  fc_output |        319 |        319 |       0 |    0 |   365 |      0 |      0 |          0 |
|     u_wavelet           |          haar_wavelet_3lvl |       3634 |       3634 |       0 |    0 |  4807 |      0 |      0 |          0 |
|   u_uart_rx             |                    uart_rx |         63 |         63 |       0 |    0 |    34 |      0 |      0 |          0 |
|   u_uart_tx             |                    uart_tx |         27 |         27 |       0 |    0 |    19 |      0 |      0 |          0 |
+-------------------------+----------------------------+------------+------------+---------+------+-------+--------+--------+------------+
* Note: The sum of lower-level cells may be larger than their parent cells total, due to cross-hierarchy LUT combining


